[2025-12-17T15:48:52.417+0000] {manager.py:470} INFO - Processing files using up to 2 processes at a time 
[2025-12-17T15:48:52.418+0000] {manager.py:471} INFO - Process each file at most once every 30 seconds
[2025-12-17T15:48:52.419+0000] {manager.py:472} INFO - Checking for new files in /opt/airflow/dags every 300 seconds
[2025-12-17T15:48:52.420+0000] {manager.py:737} INFO - Searching for files in /opt/airflow/dags
[2025-12-17T15:48:52.424+0000] {manager.py:740} INFO - There are 0 files in /opt/airflow/dags
[2025-12-17T15:53:52.699+0000] {manager.py:737} INFO - Searching for files in /opt/airflow/dags
[2025-12-17T15:53:52.704+0000] {manager.py:740} INFO - There are 0 files in /opt/airflow/dags
[2025-12-17T15:58:52.921+0000] {manager.py:737} INFO - Searching for files in /opt/airflow/dags
[2025-12-17T15:58:52.928+0000] {manager.py:740} INFO - There are 0 files in /opt/airflow/dags
[2025-12-17T16:03:53.145+0000] {manager.py:737} INFO - Searching for files in /opt/airflow/dags
[2025-12-17T16:03:53.150+0000] {manager.py:740} INFO - There are 0 files in /opt/airflow/dags
[2025-12-17T16:08:53.807+0000] {manager.py:737} INFO - Searching for files in /opt/airflow/dags
[2025-12-17T16:08:53.815+0000] {manager.py:740} INFO - There are 0 files in /opt/airflow/dags
[2025-12-17T16:13:54.124+0000] {manager.py:737} INFO - Searching for files in /opt/airflow/dags
[2025-12-17T16:13:54.128+0000] {manager.py:740} INFO - There are 0 files in /opt/airflow/dags
[2025-12-17T16:18:54.738+0000] {manager.py:737} INFO - Searching for files in /opt/airflow/dags
[2025-12-17T16:18:54.745+0000] {manager.py:740} INFO - There are 0 files in /opt/airflow/dags
[2025-12-17T16:23:55.304+0000] {manager.py:737} INFO - Searching for files in /opt/airflow/dags
[2025-12-17T16:23:55.310+0000] {manager.py:740} INFO - There are 0 files in /opt/airflow/dags
[2025-12-17T16:28:55.794+0000] {manager.py:737} INFO - Searching for files in /opt/airflow/dags
[2025-12-17T16:28:55.798+0000] {manager.py:740} INFO - There are 0 files in /opt/airflow/dags
[2025-12-17T16:33:56.330+0000] {manager.py:737} INFO - Searching for files in /opt/airflow/dags
[2025-12-17T16:33:56.339+0000] {manager.py:740} INFO - There are 0 files in /opt/airflow/dags
[2025-12-17T16:38:57.297+0000] {manager.py:737} INFO - Searching for files in /opt/airflow/dags
[2025-12-17T16:38:57.310+0000] {manager.py:740} INFO - There are 0 files in /opt/airflow/dags
[2025-12-17T16:43:57.899+0000] {manager.py:737} INFO - Searching for files in /opt/airflow/dags
[2025-12-17T16:43:57.905+0000] {manager.py:740} INFO - There are 0 files in /opt/airflow/dags
[2025-12-17T16:48:58.508+0000] {manager.py:737} INFO - Searching for files in /opt/airflow/dags
[2025-12-17T16:48:58.516+0000] {manager.py:740} INFO - There are 0 files in /opt/airflow/dags
[2025-12-17T16:53:59.224+0000] {manager.py:737} INFO - Searching for files in /opt/airflow/dags
[2025-12-17T16:53:59.228+0000] {manager.py:740} INFO - There are 0 files in /opt/airflow/dags
[2025-12-17T16:58:59.482+0000] {manager.py:737} INFO - Searching for files in /opt/airflow/dags
[2025-12-17T16:58:59.487+0000] {manager.py:740} INFO - There are 0 files in /opt/airflow/dags
[2025-12-17T17:03:59.708+0000] {manager.py:737} INFO - Searching for files in /opt/airflow/dags
[2025-12-17T17:03:59.714+0000] {manager.py:740} INFO - There are 0 files in /opt/airflow/dags
[2025-12-17T17:09:00.320+0000] {manager.py:737} INFO - Searching for files in /opt/airflow/dags
[2025-12-17T17:09:00.328+0000] {manager.py:740} INFO - There are 0 files in /opt/airflow/dags
[2025-12-17T17:14:00.875+0000] {manager.py:737} INFO - Searching for files in /opt/airflow/dags
[2025-12-17T17:14:00.883+0000] {manager.py:740} INFO - There are 0 files in /opt/airflow/dags
[2025-12-17T17:19:01.514+0000] {manager.py:737} INFO - Searching for files in /opt/airflow/dags
[2025-12-17T17:19:01.518+0000] {manager.py:740} INFO - There are 0 files in /opt/airflow/dags
[2025-12-17T17:24:02.042+0000] {manager.py:737} INFO - Searching for files in /opt/airflow/dags
[2025-12-17T17:24:02.049+0000] {manager.py:740} INFO - There are 0 files in /opt/airflow/dags
[2025-12-17T17:29:02.595+0000] {manager.py:737} INFO - Searching for files in /opt/airflow/dags
[2025-12-17T17:29:02.601+0000] {manager.py:740} INFO - There are 0 files in /opt/airflow/dags
[2025-12-17T17:34:02.892+0000] {manager.py:737} INFO - Searching for files in /opt/airflow/dags
[2025-12-17T17:34:02.895+0000] {manager.py:740} INFO - There are 0 files in /opt/airflow/dags
[2025-12-17T17:39:03.311+0000] {manager.py:737} INFO - Searching for files in /opt/airflow/dags
[2025-12-17T17:39:03.316+0000] {manager.py:740} INFO - There are 0 files in /opt/airflow/dags
[2025-12-17T17:44:03.726+0000] {manager.py:737} INFO - Searching for files in /opt/airflow/dags
[2025-12-17T17:44:03.733+0000] {manager.py:740} INFO - There are 0 files in /opt/airflow/dags
[2025-12-17T17:49:04.483+0000] {manager.py:737} INFO - Searching for files in /opt/airflow/dags
[2025-12-17T17:49:04.487+0000] {manager.py:740} INFO - There are 0 files in /opt/airflow/dags
[2025-12-17T17:54:04.692+0000] {manager.py:737} INFO - Searching for files in /opt/airflow/dags
[2025-12-17T17:54:04.695+0000] {manager.py:740} INFO - There are 0 files in /opt/airflow/dags
[2025-12-17T17:59:04.862+0000] {manager.py:737} INFO - Searching for files in /opt/airflow/dags
[2025-12-17T17:59:04.875+0000] {manager.py:740} INFO - There are 0 files in /opt/airflow/dags
[2025-12-17T18:04:05.118+0000] {manager.py:737} INFO - Searching for files in /opt/airflow/dags
[2025-12-17T18:04:05.123+0000] {manager.py:740} INFO - There are 0 files in /opt/airflow/dags
[2025-12-17T18:09:05.321+0000] {manager.py:737} INFO - Searching for files in /opt/airflow/dags
[2025-12-17T18:09:05.327+0000] {manager.py:740} INFO - There are 0 files in /opt/airflow/dags
[2025-12-17T18:14:05.532+0000] {manager.py:737} INFO - Searching for files in /opt/airflow/dags
[2025-12-17T18:14:05.535+0000] {manager.py:740} INFO - There are 0 files in /opt/airflow/dags
[2025-12-17T18:19:05.734+0000] {manager.py:737} INFO - Searching for files in /opt/airflow/dags
[2025-12-17T18:19:05.739+0000] {manager.py:740} INFO - There are 0 files in /opt/airflow/dags
[2025-12-17T18:24:05.956+0000] {manager.py:737} INFO - Searching for files in /opt/airflow/dags
[2025-12-17T18:24:05.959+0000] {manager.py:740} INFO - There are 0 files in /opt/airflow/dags
