[2025-12-19T18:57:02.173+0000] {local_task_job_runner.py:120} INFO - ::group::Pre task execution logs
[2025-12-19T18:57:02.201+0000] {taskinstance.py:2073} INFO - Dependencies all met for dep_context=non-requeueable deps ti=<TaskInstance: aerostream_streaming_pipeline.process_tweets scheduled__2025-12-19T18:56:00+00:00 [queued]>
[2025-12-19T18:57:02.209+0000] {taskinstance.py:2073} INFO - Dependencies all met for dep_context=requeueable deps ti=<TaskInstance: aerostream_streaming_pipeline.process_tweets scheduled__2025-12-19T18:56:00+00:00 [queued]>
[2025-12-19T18:57:02.210+0000] {taskinstance.py:2303} INFO - Starting attempt 1 of 5
[2025-12-19T18:57:02.222+0000] {taskinstance.py:2327} INFO - Executing <Task(PythonOperator): process_tweets> on 2025-12-19 18:56:00+00:00
[2025-12-19T18:57:02.229+0000] {standard_task_runner.py:63} INFO - Started process 256 to run task
[2025-12-19T18:57:02.233+0000] {standard_task_runner.py:90} INFO - Running: ['***', 'tasks', 'run', 'aerostream_streaming_pipeline', 'process_tweets', 'scheduled__2025-12-19T18:56:00+00:00', '--job-id', '11', '--raw', '--subdir', 'DAGS_FOLDER/streaming_tweets_dag.py', '--cfg-path', '/tmp/tmpfh8w_l1j']
[2025-12-19T18:57:02.235+0000] {standard_task_runner.py:91} INFO - Job 11: Subtask process_tweets
[2025-12-19T18:57:02.279+0000] {task_command.py:426} INFO - Running <TaskInstance: aerostream_streaming_pipeline.process_tweets scheduled__2025-12-19T18:56:00+00:00 [running]> on host 866c06daaf01
[2025-12-19T18:57:02.361+0000] {taskinstance.py:2644} INFO - Exporting env vars: AIRFLOW_CTX_DAG_OWNER='aerostream' AIRFLOW_CTX_DAG_ID='aerostream_streaming_pipeline' AIRFLOW_CTX_TASK_ID='process_tweets' AIRFLOW_CTX_EXECUTION_DATE='2025-12-19T18:56:00+00:00' AIRFLOW_CTX_TRY_NUMBER='1' AIRFLOW_CTX_DAG_RUN_ID='scheduled__2025-12-19T18:56:00+00:00'
[2025-12-19T18:57:02.362+0000] {taskinstance.py:430} INFO - ::endgroup::
[2025-12-19T18:57:03.510+0000] {taskinstance.py:441} INFO - ::group::Post task execution logs
[2025-12-19T18:57:03.511+0000] {taskinstance.py:2890} ERROR - Task failed with exception
Traceback (most recent call last):
  File "/home/airflow/.local/lib/python3.10/site-packages/airflow/models/taskinstance.py", line 465, in _execute_task
    result = _execute_callable(context=context, **execute_callable_kwargs)
  File "/home/airflow/.local/lib/python3.10/site-packages/airflow/models/taskinstance.py", line 432, in _execute_callable
    return execute_callable(context=context, **execute_callable_kwargs)
  File "/home/airflow/.local/lib/python3.10/site-packages/airflow/models/baseoperator.py", line 400, in wrapper
    return func(self, *args, **kwargs)
  File "/home/airflow/.local/lib/python3.10/site-packages/airflow/operators/python.py", line 235, in execute
    return_value = self.execute_callable()
  File "/home/airflow/.local/lib/python3.10/site-packages/airflow/operators/python.py", line 252, in execute_callable
    return self.python_callable(*self.op_args, **self.op_kwargs)
  File "/opt/airflow/dags/streaming_tweets_dag.py", line 48, in process_tweets
    response.raise_for_status()
  File "/home/airflow/.local/lib/python3.10/site-packages/requests/models.py", line 1026, in raise_for_status
    raise HTTPError(http_error_msg, response=self)
requests.exceptions.HTTPError: 500 Server Error: Internal Server Error for url: http://processing_api:8002/predict
[2025-12-19T18:57:03.524+0000] {taskinstance.py:1205} INFO - Marking task as UP_FOR_RETRY. dag_id=aerostream_streaming_pipeline, task_id=process_tweets, execution_date=20251219T185600, start_date=20251219T185702, end_date=20251219T185703
[2025-12-19T18:57:03.536+0000] {standard_task_runner.py:110} ERROR - Failed to execute job 11 for task process_tweets (500 Server Error: Internal Server Error for url: http://processing_api:8002/predict; 256)
[2025-12-19T18:57:03.571+0000] {local_task_job_runner.py:240} INFO - Task exited with return code 1
[2025-12-19T18:57:03.589+0000] {taskinstance.py:3482} INFO - 0 downstream tasks scheduled from follow-on schedule check
[2025-12-19T18:57:03.592+0000] {local_task_job_runner.py:222} INFO - ::endgroup::
