[2025-12-18T16:22:02.420+0000] {local_task_job_runner.py:120} INFO - ::group::Pre task execution logs
[2025-12-18T16:22:02.442+0000] {taskinstance.py:2073} INFO - Dependencies all met for dep_context=non-requeueable deps ti=<TaskInstance: aerostream_streaming_pipeline.fetch_tweets scheduled__2025-12-18T16:20:00+00:00 [queued]>
[2025-12-18T16:22:02.448+0000] {taskinstance.py:2073} INFO - Dependencies all met for dep_context=requeueable deps ti=<TaskInstance: aerostream_streaming_pipeline.fetch_tweets scheduled__2025-12-18T16:20:00+00:00 [queued]>
[2025-12-18T16:22:02.449+0000] {taskinstance.py:2303} INFO - Starting attempt 3 of 5
[2025-12-18T16:22:02.460+0000] {taskinstance.py:2327} INFO - Executing <Task(PythonOperator): fetch_tweets> on 2025-12-18 16:20:00+00:00
[2025-12-18T16:22:02.466+0000] {standard_task_runner.py:63} INFO - Started process 441 to run task
[2025-12-18T16:22:02.469+0000] {standard_task_runner.py:90} INFO - Running: ['***', 'tasks', 'run', 'aerostream_streaming_pipeline', 'fetch_tweets', 'scheduled__2025-12-18T16:20:00+00:00', '--job-id', '55', '--raw', '--subdir', 'DAGS_FOLDER/streaming_tweets_dag.py', '--cfg-path', '/tmp/tmp6qt2pp6f']
[2025-12-18T16:22:02.471+0000] {standard_task_runner.py:91} INFO - Job 55: Subtask fetch_tweets
[2025-12-18T16:22:02.509+0000] {task_command.py:426} INFO - Running <TaskInstance: aerostream_streaming_pipeline.fetch_tweets scheduled__2025-12-18T16:20:00+00:00 [running]> on host f7ba636cca7b
[2025-12-18T16:22:02.570+0000] {taskinstance.py:2644} INFO - Exporting env vars: AIRFLOW_CTX_DAG_OWNER='aerostream' AIRFLOW_CTX_DAG_ID='aerostream_streaming_pipeline' AIRFLOW_CTX_TASK_ID='fetch_tweets' AIRFLOW_CTX_EXECUTION_DATE='2025-12-18T16:20:00+00:00' AIRFLOW_CTX_TRY_NUMBER='3' AIRFLOW_CTX_DAG_RUN_ID='scheduled__2025-12-18T16:20:00+00:00'
[2025-12-18T16:22:02.570+0000] {taskinstance.py:430} INFO - ::endgroup::
[2025-12-18T16:22:02.586+0000] {taskinstance.py:441} INFO - ::group::Post task execution logs
[2025-12-18T16:22:02.587+0000] {taskinstance.py:2890} ERROR - Task failed with exception
Traceback (most recent call last):
  File "/home/airflow/.local/lib/python3.10/site-packages/airflow/models/taskinstance.py", line 465, in _execute_task
    result = _execute_callable(context=context, **execute_callable_kwargs)
  File "/home/airflow/.local/lib/python3.10/site-packages/airflow/models/taskinstance.py", line 432, in _execute_callable
    return execute_callable(context=context, **execute_callable_kwargs)
  File "/home/airflow/.local/lib/python3.10/site-packages/airflow/models/baseoperator.py", line 400, in wrapper
    return func(self, *args, **kwargs)
  File "/home/airflow/.local/lib/python3.10/site-packages/airflow/operators/python.py", line 235, in execute
    return_value = self.execute_callable()
  File "/home/airflow/.local/lib/python3.10/site-packages/airflow/operators/python.py", line 252, in execute_callable
    return self.python_callable(*self.op_args, **self.op_kwargs)
  File "/opt/airflow/dags/streaming_tweets_dag.py", line 31, in fetch_tweets
    response.raise_for_status()
  File "/home/airflow/.local/lib/python3.10/site-packages/requests/models.py", line 1026, in raise_for_status
    raise HTTPError(http_error_msg, response=self)
requests.exceptions.HTTPError: 404 Client Error: Not Found for url: http://api:80/batch?batch_size=20
[2025-12-18T16:22:02.597+0000] {taskinstance.py:1205} INFO - Marking task as UP_FOR_RETRY. dag_id=aerostream_streaming_pipeline, task_id=fetch_tweets, execution_date=20251218T162000, start_date=20251218T162202, end_date=20251218T162202
[2025-12-18T16:22:02.606+0000] {standard_task_runner.py:110} ERROR - Failed to execute job 55 for task fetch_tweets (404 Client Error: Not Found for url: http://api:80/batch?batch_size=20; 441)
[2025-12-18T16:22:02.641+0000] {local_task_job_runner.py:240} INFO - Task exited with return code 1
[2025-12-18T16:22:02.658+0000] {taskinstance.py:3482} INFO - 0 downstream tasks scheduled from follow-on schedule check
[2025-12-18T16:22:02.660+0000] {local_task_job_runner.py:222} INFO - ::endgroup::
