[2025-12-18T16:23:32.215+0000] {local_task_job_runner.py:120} INFO - ::group::Pre task execution logs
[2025-12-18T16:23:32.239+0000] {taskinstance.py:2073} INFO - Dependencies all met for dep_context=non-requeueable deps ti=<TaskInstance: aerostream_streaming_pipeline.fetch_tweets scheduled__2025-12-18T16:22:00+00:00 [queued]>
[2025-12-18T16:23:32.246+0000] {taskinstance.py:2073} INFO - Dependencies all met for dep_context=requeueable deps ti=<TaskInstance: aerostream_streaming_pipeline.fetch_tweets scheduled__2025-12-18T16:22:00+00:00 [queued]>
[2025-12-18T16:23:32.247+0000] {taskinstance.py:2303} INFO - Starting attempt 2 of 5
[2025-12-18T16:23:32.258+0000] {taskinstance.py:2327} INFO - Executing <Task(PythonOperator): fetch_tweets> on 2025-12-18 16:22:00+00:00
[2025-12-18T16:23:32.263+0000] {standard_task_runner.py:63} INFO - Started process 470 to run task
[2025-12-18T16:23:32.266+0000] {standard_task_runner.py:90} INFO - Running: ['***', 'tasks', 'run', 'aerostream_streaming_pipeline', 'fetch_tweets', 'scheduled__2025-12-18T16:22:00+00:00', '--job-id', '62', '--raw', '--subdir', 'DAGS_FOLDER/streaming_tweets_dag.py', '--cfg-path', '/tmp/tmp46hl5gz6']
[2025-12-18T16:23:32.268+0000] {standard_task_runner.py:91} INFO - Job 62: Subtask fetch_tweets
[2025-12-18T16:23:32.307+0000] {task_command.py:426} INFO - Running <TaskInstance: aerostream_streaming_pipeline.fetch_tweets scheduled__2025-12-18T16:22:00+00:00 [running]> on host f7ba636cca7b
[2025-12-18T16:23:32.371+0000] {taskinstance.py:2644} INFO - Exporting env vars: AIRFLOW_CTX_DAG_OWNER='aerostream' AIRFLOW_CTX_DAG_ID='aerostream_streaming_pipeline' AIRFLOW_CTX_TASK_ID='fetch_tweets' AIRFLOW_CTX_EXECUTION_DATE='2025-12-18T16:22:00+00:00' AIRFLOW_CTX_TRY_NUMBER='2' AIRFLOW_CTX_DAG_RUN_ID='scheduled__2025-12-18T16:22:00+00:00'
[2025-12-18T16:23:32.372+0000] {taskinstance.py:430} INFO - ::endgroup::
[2025-12-18T16:23:32.386+0000] {taskinstance.py:441} INFO - ::group::Post task execution logs
[2025-12-18T16:23:32.386+0000] {taskinstance.py:2890} ERROR - Task failed with exception
Traceback (most recent call last):
  File "/home/airflow/.local/lib/python3.10/site-packages/airflow/models/taskinstance.py", line 465, in _execute_task
    result = _execute_callable(context=context, **execute_callable_kwargs)
  File "/home/airflow/.local/lib/python3.10/site-packages/airflow/models/taskinstance.py", line 432, in _execute_callable
    return execute_callable(context=context, **execute_callable_kwargs)
  File "/home/airflow/.local/lib/python3.10/site-packages/airflow/models/baseoperator.py", line 400, in wrapper
    return func(self, *args, **kwargs)
  File "/home/airflow/.local/lib/python3.10/site-packages/airflow/operators/python.py", line 235, in execute
    return_value = self.execute_callable()
  File "/home/airflow/.local/lib/python3.10/site-packages/airflow/operators/python.py", line 252, in execute_callable
    return self.python_callable(*self.op_args, **self.op_kwargs)
  File "/opt/airflow/dags/streaming_tweets_dag.py", line 31, in fetch_tweets
    response.raise_for_status()
  File "/home/airflow/.local/lib/python3.10/site-packages/requests/models.py", line 1026, in raise_for_status
    raise HTTPError(http_error_msg, response=self)
requests.exceptions.HTTPError: 404 Client Error: Not Found for url: http://api:80/batch?batch_size=20
[2025-12-18T16:23:32.396+0000] {taskinstance.py:1205} INFO - Marking task as UP_FOR_RETRY. dag_id=aerostream_streaming_pipeline, task_id=fetch_tweets, execution_date=20251218T162200, start_date=20251218T162332, end_date=20251218T162332
[2025-12-18T16:23:32.406+0000] {standard_task_runner.py:110} ERROR - Failed to execute job 62 for task fetch_tweets (404 Client Error: Not Found for url: http://api:80/batch?batch_size=20; 470)
[2025-12-18T16:23:32.439+0000] {local_task_job_runner.py:240} INFO - Task exited with return code 1
[2025-12-18T16:23:32.457+0000] {taskinstance.py:3482} INFO - 0 downstream tasks scheduled from follow-on schedule check
[2025-12-18T16:23:32.460+0000] {local_task_job_runner.py:222} INFO - ::endgroup::
