[2025-12-18T16:07:18.386+0000] {processor.py:161} INFO - Started process (PID=181) to work on /opt/airflow/dags/streaming_tweets_dag.py
[2025-12-18T16:07:18.388+0000] {processor.py:830} INFO - Processing file /opt/airflow/dags/streaming_tweets_dag.py for tasks to queue
[2025-12-18T16:07:18.396+0000] {logging_mixin.py:188} INFO - [2025-12-18T16:07:18.394+0000] {dagbag.py:540} INFO - Filling up the DagBag from /opt/airflow/dags/streaming_tweets_dag.py
[2025-12-18T16:07:18.455+0000] {processor.py:840} INFO - DAG(s) 'aerostream_streaming_pipeline' retrieved from /opt/airflow/dags/streaming_tweets_dag.py
[2025-12-18T16:07:18.751+0000] {logging_mixin.py:188} INFO - [2025-12-18T16:07:18.750+0000] {override.py:1829} INFO - Created Permission View: can edit on DAG:aerostream_streaming_pipeline
[2025-12-18T16:07:18.759+0000] {logging_mixin.py:188} INFO - [2025-12-18T16:07:18.759+0000] {override.py:1829} INFO - Created Permission View: can delete on DAG:aerostream_streaming_pipeline
[2025-12-18T16:07:18.765+0000] {logging_mixin.py:188} INFO - [2025-12-18T16:07:18.765+0000] {override.py:1829} INFO - Created Permission View: can read on DAG:aerostream_streaming_pipeline
[2025-12-18T16:07:18.766+0000] {logging_mixin.py:188} INFO - [2025-12-18T16:07:18.766+0000] {dag.py:3096} INFO - Sync 1 DAGs
[2025-12-18T16:07:18.780+0000] {logging_mixin.py:188} INFO - [2025-12-18T16:07:18.780+0000] {dag.py:3118} INFO - Creating ORM DAG for aerostream_streaming_pipeline
[2025-12-18T16:07:18.797+0000] {logging_mixin.py:188} INFO - [2025-12-18T16:07:18.796+0000] {dag.py:3954} INFO - Setting next_dagrun for aerostream_streaming_pipeline to 2025-12-18 16:06:00+00:00, run_after=2025-12-18 16:07:00+00:00
[2025-12-18T16:07:18.824+0000] {processor.py:183} INFO - Processing /opt/airflow/dags/streaming_tweets_dag.py took 0.454 seconds
[2025-12-18T16:07:49.012+0000] {processor.py:161} INFO - Started process (PID=186) to work on /opt/airflow/dags/streaming_tweets_dag.py
[2025-12-18T16:07:49.013+0000] {processor.py:830} INFO - Processing file /opt/airflow/dags/streaming_tweets_dag.py for tasks to queue
[2025-12-18T16:07:49.016+0000] {logging_mixin.py:188} INFO - [2025-12-18T16:07:49.015+0000] {dagbag.py:540} INFO - Filling up the DagBag from /opt/airflow/dags/streaming_tweets_dag.py
[2025-12-18T16:07:49.039+0000] {processor.py:840} INFO - DAG(s) 'aerostream_streaming_pipeline' retrieved from /opt/airflow/dags/streaming_tweets_dag.py
[2025-12-18T16:07:49.065+0000] {logging_mixin.py:188} INFO - [2025-12-18T16:07:49.065+0000] {dag.py:3096} INFO - Sync 1 DAGs
[2025-12-18T16:07:49.086+0000] {logging_mixin.py:188} INFO - [2025-12-18T16:07:49.086+0000] {dag.py:3954} INFO - Setting next_dagrun for aerostream_streaming_pipeline to 2025-12-18 16:06:00+00:00, run_after=2025-12-18 16:07:00+00:00
[2025-12-18T16:07:49.106+0000] {processor.py:183} INFO - Processing /opt/airflow/dags/streaming_tweets_dag.py took 0.101 seconds
[2025-12-18T16:08:19.181+0000] {processor.py:161} INFO - Started process (PID=191) to work on /opt/airflow/dags/streaming_tweets_dag.py
[2025-12-18T16:08:19.182+0000] {processor.py:830} INFO - Processing file /opt/airflow/dags/streaming_tweets_dag.py for tasks to queue
[2025-12-18T16:08:19.184+0000] {logging_mixin.py:188} INFO - [2025-12-18T16:08:19.183+0000] {dagbag.py:540} INFO - Filling up the DagBag from /opt/airflow/dags/streaming_tweets_dag.py
[2025-12-18T16:08:19.205+0000] {processor.py:840} INFO - DAG(s) 'aerostream_streaming_pipeline' retrieved from /opt/airflow/dags/streaming_tweets_dag.py
[2025-12-18T16:08:19.229+0000] {logging_mixin.py:188} INFO - [2025-12-18T16:08:19.228+0000] {dag.py:3096} INFO - Sync 1 DAGs
[2025-12-18T16:08:19.248+0000] {logging_mixin.py:188} INFO - [2025-12-18T16:08:19.248+0000] {dag.py:3954} INFO - Setting next_dagrun for aerostream_streaming_pipeline to 2025-12-18 16:07:00+00:00, run_after=2025-12-18 16:08:00+00:00
[2025-12-18T16:08:19.267+0000] {processor.py:183} INFO - Processing /opt/airflow/dags/streaming_tweets_dag.py took 0.092 seconds
[2025-12-18T16:08:49.453+0000] {processor.py:161} INFO - Started process (PID=196) to work on /opt/airflow/dags/streaming_tweets_dag.py
[2025-12-18T16:08:49.454+0000] {processor.py:830} INFO - Processing file /opt/airflow/dags/streaming_tweets_dag.py for tasks to queue
[2025-12-18T16:08:49.457+0000] {logging_mixin.py:188} INFO - [2025-12-18T16:08:49.456+0000] {dagbag.py:540} INFO - Filling up the DagBag from /opt/airflow/dags/streaming_tweets_dag.py
[2025-12-18T16:08:49.477+0000] {processor.py:840} INFO - DAG(s) 'aerostream_streaming_pipeline' retrieved from /opt/airflow/dags/streaming_tweets_dag.py
[2025-12-18T16:08:49.502+0000] {logging_mixin.py:188} INFO - [2025-12-18T16:08:49.501+0000] {dag.py:3096} INFO - Sync 1 DAGs
[2025-12-18T16:08:49.523+0000] {logging_mixin.py:188} INFO - [2025-12-18T16:08:49.522+0000] {dag.py:3954} INFO - Setting next_dagrun for aerostream_streaming_pipeline to 2025-12-18 16:07:00+00:00, run_after=2025-12-18 16:08:00+00:00
[2025-12-18T16:08:49.543+0000] {processor.py:183} INFO - Processing /opt/airflow/dags/streaming_tweets_dag.py took 0.097 seconds
[2025-12-18T16:09:19.625+0000] {processor.py:161} INFO - Started process (PID=201) to work on /opt/airflow/dags/streaming_tweets_dag.py
[2025-12-18T16:09:19.626+0000] {processor.py:830} INFO - Processing file /opt/airflow/dags/streaming_tweets_dag.py for tasks to queue
[2025-12-18T16:09:19.628+0000] {logging_mixin.py:188} INFO - [2025-12-18T16:09:19.628+0000] {dagbag.py:540} INFO - Filling up the DagBag from /opt/airflow/dags/streaming_tweets_dag.py
[2025-12-18T16:09:19.650+0000] {processor.py:840} INFO - DAG(s) 'aerostream_streaming_pipeline' retrieved from /opt/airflow/dags/streaming_tweets_dag.py
[2025-12-18T16:09:19.672+0000] {logging_mixin.py:188} INFO - [2025-12-18T16:09:19.672+0000] {dag.py:3096} INFO - Sync 1 DAGs
[2025-12-18T16:09:19.690+0000] {logging_mixin.py:188} INFO - [2025-12-18T16:09:19.690+0000] {dag.py:3954} INFO - Setting next_dagrun for aerostream_streaming_pipeline to 2025-12-18 16:08:00+00:00, run_after=2025-12-18 16:09:00+00:00
[2025-12-18T16:09:19.707+0000] {processor.py:183} INFO - Processing /opt/airflow/dags/streaming_tweets_dag.py took 0.088 seconds
[2025-12-18T16:09:49.886+0000] {processor.py:161} INFO - Started process (PID=206) to work on /opt/airflow/dags/streaming_tweets_dag.py
[2025-12-18T16:09:49.887+0000] {processor.py:830} INFO - Processing file /opt/airflow/dags/streaming_tweets_dag.py for tasks to queue
[2025-12-18T16:09:49.889+0000] {logging_mixin.py:188} INFO - [2025-12-18T16:09:49.889+0000] {dagbag.py:540} INFO - Filling up the DagBag from /opt/airflow/dags/streaming_tweets_dag.py
[2025-12-18T16:09:49.910+0000] {processor.py:840} INFO - DAG(s) 'aerostream_streaming_pipeline' retrieved from /opt/airflow/dags/streaming_tweets_dag.py
[2025-12-18T16:09:49.936+0000] {logging_mixin.py:188} INFO - [2025-12-18T16:09:49.936+0000] {dag.py:3096} INFO - Sync 1 DAGs
[2025-12-18T16:09:49.958+0000] {logging_mixin.py:188} INFO - [2025-12-18T16:09:49.958+0000] {dag.py:3954} INFO - Setting next_dagrun for aerostream_streaming_pipeline to 2025-12-18 16:08:00+00:00, run_after=2025-12-18 16:09:00+00:00
[2025-12-18T16:09:49.979+0000] {processor.py:183} INFO - Processing /opt/airflow/dags/streaming_tweets_dag.py took 0.100 seconds
[2025-12-18T16:10:20.071+0000] {processor.py:161} INFO - Started process (PID=211) to work on /opt/airflow/dags/streaming_tweets_dag.py
[2025-12-18T16:10:20.072+0000] {processor.py:830} INFO - Processing file /opt/airflow/dags/streaming_tweets_dag.py for tasks to queue
[2025-12-18T16:10:20.074+0000] {logging_mixin.py:188} INFO - [2025-12-18T16:10:20.074+0000] {dagbag.py:540} INFO - Filling up the DagBag from /opt/airflow/dags/streaming_tweets_dag.py
[2025-12-18T16:10:20.097+0000] {processor.py:840} INFO - DAG(s) 'aerostream_streaming_pipeline' retrieved from /opt/airflow/dags/streaming_tweets_dag.py
[2025-12-18T16:10:20.121+0000] {logging_mixin.py:188} INFO - [2025-12-18T16:10:20.121+0000] {dag.py:3096} INFO - Sync 1 DAGs
[2025-12-18T16:10:20.142+0000] {logging_mixin.py:188} INFO - [2025-12-18T16:10:20.142+0000] {dag.py:3954} INFO - Setting next_dagrun for aerostream_streaming_pipeline to 2025-12-18 16:09:00+00:00, run_after=2025-12-18 16:10:00+00:00
[2025-12-18T16:10:20.164+0000] {processor.py:183} INFO - Processing /opt/airflow/dags/streaming_tweets_dag.py took 0.098 seconds
[2025-12-18T16:10:50.305+0000] {processor.py:161} INFO - Started process (PID=216) to work on /opt/airflow/dags/streaming_tweets_dag.py
[2025-12-18T16:10:50.306+0000] {processor.py:830} INFO - Processing file /opt/airflow/dags/streaming_tweets_dag.py for tasks to queue
[2025-12-18T16:10:50.308+0000] {logging_mixin.py:188} INFO - [2025-12-18T16:10:50.308+0000] {dagbag.py:540} INFO - Filling up the DagBag from /opt/airflow/dags/streaming_tweets_dag.py
[2025-12-18T16:10:50.326+0000] {processor.py:840} INFO - DAG(s) 'aerostream_streaming_pipeline' retrieved from /opt/airflow/dags/streaming_tweets_dag.py
[2025-12-18T16:10:50.347+0000] {logging_mixin.py:188} INFO - [2025-12-18T16:10:50.347+0000] {dag.py:3096} INFO - Sync 1 DAGs
[2025-12-18T16:10:50.368+0000] {logging_mixin.py:188} INFO - [2025-12-18T16:10:50.367+0000] {dag.py:3954} INFO - Setting next_dagrun for aerostream_streaming_pipeline to 2025-12-18 16:09:00+00:00, run_after=2025-12-18 16:10:00+00:00
[2025-12-18T16:10:50.388+0000] {processor.py:183} INFO - Processing /opt/airflow/dags/streaming_tweets_dag.py took 0.089 seconds
[2025-12-18T16:11:20.495+0000] {processor.py:161} INFO - Started process (PID=221) to work on /opt/airflow/dags/streaming_tweets_dag.py
[2025-12-18T16:11:20.496+0000] {processor.py:830} INFO - Processing file /opt/airflow/dags/streaming_tweets_dag.py for tasks to queue
[2025-12-18T16:11:20.498+0000] {logging_mixin.py:188} INFO - [2025-12-18T16:11:20.498+0000] {dagbag.py:540} INFO - Filling up the DagBag from /opt/airflow/dags/streaming_tweets_dag.py
[2025-12-18T16:11:20.519+0000] {processor.py:840} INFO - DAG(s) 'aerostream_streaming_pipeline' retrieved from /opt/airflow/dags/streaming_tweets_dag.py
[2025-12-18T16:11:20.543+0000] {logging_mixin.py:188} INFO - [2025-12-18T16:11:20.543+0000] {dag.py:3096} INFO - Sync 1 DAGs
[2025-12-18T16:11:20.564+0000] {logging_mixin.py:188} INFO - [2025-12-18T16:11:20.564+0000] {dag.py:3954} INFO - Setting next_dagrun for aerostream_streaming_pipeline to 2025-12-18 16:10:00+00:00, run_after=2025-12-18 16:11:00+00:00
[2025-12-18T16:11:20.585+0000] {processor.py:183} INFO - Processing /opt/airflow/dags/streaming_tweets_dag.py took 0.096 seconds
[2025-12-18T16:11:50.731+0000] {processor.py:161} INFO - Started process (PID=226) to work on /opt/airflow/dags/streaming_tweets_dag.py
[2025-12-18T16:11:50.732+0000] {processor.py:830} INFO - Processing file /opt/airflow/dags/streaming_tweets_dag.py for tasks to queue
[2025-12-18T16:11:50.734+0000] {logging_mixin.py:188} INFO - [2025-12-18T16:11:50.734+0000] {dagbag.py:540} INFO - Filling up the DagBag from /opt/airflow/dags/streaming_tweets_dag.py
[2025-12-18T16:11:50.754+0000] {processor.py:840} INFO - DAG(s) 'aerostream_streaming_pipeline' retrieved from /opt/airflow/dags/streaming_tweets_dag.py
[2025-12-18T16:11:50.774+0000] {logging_mixin.py:188} INFO - [2025-12-18T16:11:50.774+0000] {dag.py:3096} INFO - Sync 1 DAGs
[2025-12-18T16:11:50.792+0000] {logging_mixin.py:188} INFO - [2025-12-18T16:11:50.792+0000] {dag.py:3954} INFO - Setting next_dagrun for aerostream_streaming_pipeline to 2025-12-18 16:10:00+00:00, run_after=2025-12-18 16:11:00+00:00
[2025-12-18T16:11:50.810+0000] {processor.py:183} INFO - Processing /opt/airflow/dags/streaming_tweets_dag.py took 0.084 seconds
[2025-12-18T16:12:20.950+0000] {processor.py:161} INFO - Started process (PID=231) to work on /opt/airflow/dags/streaming_tweets_dag.py
[2025-12-18T16:12:20.951+0000] {processor.py:830} INFO - Processing file /opt/airflow/dags/streaming_tweets_dag.py for tasks to queue
[2025-12-18T16:12:20.953+0000] {logging_mixin.py:188} INFO - [2025-12-18T16:12:20.953+0000] {dagbag.py:540} INFO - Filling up the DagBag from /opt/airflow/dags/streaming_tweets_dag.py
[2025-12-18T16:12:20.974+0000] {processor.py:840} INFO - DAG(s) 'aerostream_streaming_pipeline' retrieved from /opt/airflow/dags/streaming_tweets_dag.py
[2025-12-18T16:12:21.000+0000] {logging_mixin.py:188} INFO - [2025-12-18T16:12:21.000+0000] {dag.py:3096} INFO - Sync 1 DAGs
[2025-12-18T16:12:21.023+0000] {logging_mixin.py:188} INFO - [2025-12-18T16:12:21.023+0000] {dag.py:3954} INFO - Setting next_dagrun for aerostream_streaming_pipeline to 2025-12-18 16:11:00+00:00, run_after=2025-12-18 16:12:00+00:00
[2025-12-18T16:12:21.043+0000] {processor.py:183} INFO - Processing /opt/airflow/dags/streaming_tweets_dag.py took 0.100 seconds
[2025-12-18T16:12:51.150+0000] {processor.py:161} INFO - Started process (PID=238) to work on /opt/airflow/dags/streaming_tweets_dag.py
[2025-12-18T16:12:51.151+0000] {processor.py:830} INFO - Processing file /opt/airflow/dags/streaming_tweets_dag.py for tasks to queue
[2025-12-18T16:12:51.153+0000] {logging_mixin.py:188} INFO - [2025-12-18T16:12:51.153+0000] {dagbag.py:540} INFO - Filling up the DagBag from /opt/airflow/dags/streaming_tweets_dag.py
[2025-12-18T16:12:51.176+0000] {processor.py:840} INFO - DAG(s) 'aerostream_streaming_pipeline' retrieved from /opt/airflow/dags/streaming_tweets_dag.py
[2025-12-18T16:12:51.198+0000] {logging_mixin.py:188} INFO - [2025-12-18T16:12:51.198+0000] {dag.py:3096} INFO - Sync 1 DAGs
[2025-12-18T16:12:51.220+0000] {logging_mixin.py:188} INFO - [2025-12-18T16:12:51.220+0000] {dag.py:3954} INFO - Setting next_dagrun for aerostream_streaming_pipeline to 2025-12-18 16:12:00+00:00, run_after=2025-12-18 16:13:00+00:00
[2025-12-18T16:12:51.241+0000] {processor.py:183} INFO - Processing /opt/airflow/dags/streaming_tweets_dag.py took 0.097 seconds
[2025-12-18T16:13:21.383+0000] {processor.py:161} INFO - Started process (PID=247) to work on /opt/airflow/dags/streaming_tweets_dag.py
[2025-12-18T16:13:21.384+0000] {processor.py:830} INFO - Processing file /opt/airflow/dags/streaming_tweets_dag.py for tasks to queue
[2025-12-18T16:13:21.387+0000] {logging_mixin.py:188} INFO - [2025-12-18T16:13:21.386+0000] {dagbag.py:540} INFO - Filling up the DagBag from /opt/airflow/dags/streaming_tweets_dag.py
[2025-12-18T16:13:21.408+0000] {processor.py:840} INFO - DAG(s) 'aerostream_streaming_pipeline' retrieved from /opt/airflow/dags/streaming_tweets_dag.py
[2025-12-18T16:13:21.430+0000] {logging_mixin.py:188} INFO - [2025-12-18T16:13:21.430+0000] {dag.py:3096} INFO - Sync 1 DAGs
[2025-12-18T16:13:21.452+0000] {logging_mixin.py:188} INFO - [2025-12-18T16:13:21.452+0000] {dag.py:3954} INFO - Setting next_dagrun for aerostream_streaming_pipeline to 2025-12-18 16:13:00+00:00, run_after=2025-12-18 16:14:00+00:00
[2025-12-18T16:13:21.473+0000] {processor.py:183} INFO - Processing /opt/airflow/dags/streaming_tweets_dag.py took 0.095 seconds
[2025-12-18T16:13:51.564+0000] {processor.py:161} INFO - Started process (PID=256) to work on /opt/airflow/dags/streaming_tweets_dag.py
[2025-12-18T16:13:51.565+0000] {processor.py:830} INFO - Processing file /opt/airflow/dags/streaming_tweets_dag.py for tasks to queue
[2025-12-18T16:13:51.567+0000] {logging_mixin.py:188} INFO - [2025-12-18T16:13:51.567+0000] {dagbag.py:540} INFO - Filling up the DagBag from /opt/airflow/dags/streaming_tweets_dag.py
[2025-12-18T16:13:51.589+0000] {processor.py:840} INFO - DAG(s) 'aerostream_streaming_pipeline' retrieved from /opt/airflow/dags/streaming_tweets_dag.py
[2025-12-18T16:13:51.613+0000] {logging_mixin.py:188} INFO - [2025-12-18T16:13:51.612+0000] {dag.py:3096} INFO - Sync 1 DAGs
[2025-12-18T16:13:51.633+0000] {logging_mixin.py:188} INFO - [2025-12-18T16:13:51.633+0000] {dag.py:3954} INFO - Setting next_dagrun for aerostream_streaming_pipeline to 2025-12-18 16:13:00+00:00, run_after=2025-12-18 16:14:00+00:00
[2025-12-18T16:13:51.652+0000] {processor.py:183} INFO - Processing /opt/airflow/dags/streaming_tweets_dag.py took 0.095 seconds
[2025-12-18T16:14:21.802+0000] {processor.py:161} INFO - Started process (PID=267) to work on /opt/airflow/dags/streaming_tweets_dag.py
[2025-12-18T16:14:21.803+0000] {processor.py:830} INFO - Processing file /opt/airflow/dags/streaming_tweets_dag.py for tasks to queue
[2025-12-18T16:14:21.807+0000] {logging_mixin.py:188} INFO - [2025-12-18T16:14:21.807+0000] {dagbag.py:540} INFO - Filling up the DagBag from /opt/airflow/dags/streaming_tweets_dag.py
[2025-12-18T16:14:21.828+0000] {processor.py:840} INFO - DAG(s) 'aerostream_streaming_pipeline' retrieved from /opt/airflow/dags/streaming_tweets_dag.py
[2025-12-18T16:14:21.851+0000] {logging_mixin.py:188} INFO - [2025-12-18T16:14:21.851+0000] {dag.py:3096} INFO - Sync 1 DAGs
[2025-12-18T16:14:21.871+0000] {logging_mixin.py:188} INFO - [2025-12-18T16:14:21.871+0000] {dag.py:3954} INFO - Setting next_dagrun for aerostream_streaming_pipeline to 2025-12-18 16:14:00+00:00, run_after=2025-12-18 16:15:00+00:00
[2025-12-18T16:14:21.891+0000] {processor.py:183} INFO - Processing /opt/airflow/dags/streaming_tweets_dag.py took 0.094 seconds
[2025-12-18T16:14:51.971+0000] {processor.py:161} INFO - Started process (PID=278) to work on /opt/airflow/dags/streaming_tweets_dag.py
[2025-12-18T16:14:51.973+0000] {processor.py:830} INFO - Processing file /opt/airflow/dags/streaming_tweets_dag.py for tasks to queue
[2025-12-18T16:14:51.975+0000] {logging_mixin.py:188} INFO - [2025-12-18T16:14:51.975+0000] {dagbag.py:540} INFO - Filling up the DagBag from /opt/airflow/dags/streaming_tweets_dag.py
[2025-12-18T16:14:51.997+0000] {processor.py:840} INFO - DAG(s) 'aerostream_streaming_pipeline' retrieved from /opt/airflow/dags/streaming_tweets_dag.py
[2025-12-18T16:14:52.022+0000] {logging_mixin.py:188} INFO - [2025-12-18T16:14:52.022+0000] {dag.py:3096} INFO - Sync 1 DAGs
[2025-12-18T16:14:52.045+0000] {logging_mixin.py:188} INFO - [2025-12-18T16:14:52.045+0000] {dag.py:3954} INFO - Setting next_dagrun for aerostream_streaming_pipeline to 2025-12-18 16:14:00+00:00, run_after=2025-12-18 16:15:00+00:00
[2025-12-18T16:14:52.062+0000] {processor.py:183} INFO - Processing /opt/airflow/dags/streaming_tweets_dag.py took 0.098 seconds
[2025-12-18T16:15:22.213+0000] {processor.py:161} INFO - Started process (PID=289) to work on /opt/airflow/dags/streaming_tweets_dag.py
[2025-12-18T16:15:22.214+0000] {processor.py:830} INFO - Processing file /opt/airflow/dags/streaming_tweets_dag.py for tasks to queue
[2025-12-18T16:15:22.216+0000] {logging_mixin.py:188} INFO - [2025-12-18T16:15:22.216+0000] {dagbag.py:540} INFO - Filling up the DagBag from /opt/airflow/dags/streaming_tweets_dag.py
[2025-12-18T16:15:22.238+0000] {processor.py:840} INFO - DAG(s) 'aerostream_streaming_pipeline' retrieved from /opt/airflow/dags/streaming_tweets_dag.py
[2025-12-18T16:15:22.267+0000] {logging_mixin.py:188} INFO - [2025-12-18T16:15:22.267+0000] {dag.py:3096} INFO - Sync 1 DAGs
[2025-12-18T16:15:22.291+0000] {logging_mixin.py:188} INFO - [2025-12-18T16:15:22.291+0000] {dag.py:3954} INFO - Setting next_dagrun for aerostream_streaming_pipeline to 2025-12-18 16:15:00+00:00, run_after=2025-12-18 16:16:00+00:00
[2025-12-18T16:15:22.311+0000] {processor.py:183} INFO - Processing /opt/airflow/dags/streaming_tweets_dag.py took 0.104 seconds
[2025-12-18T16:15:52.424+0000] {processor.py:161} INFO - Started process (PID=298) to work on /opt/airflow/dags/streaming_tweets_dag.py
[2025-12-18T16:15:52.426+0000] {processor.py:830} INFO - Processing file /opt/airflow/dags/streaming_tweets_dag.py for tasks to queue
[2025-12-18T16:15:52.431+0000] {logging_mixin.py:188} INFO - [2025-12-18T16:15:52.430+0000] {dagbag.py:540} INFO - Filling up the DagBag from /opt/airflow/dags/streaming_tweets_dag.py
[2025-12-18T16:15:52.462+0000] {processor.py:840} INFO - DAG(s) 'aerostream_streaming_pipeline' retrieved from /opt/airflow/dags/streaming_tweets_dag.py
[2025-12-18T16:15:52.493+0000] {logging_mixin.py:188} INFO - [2025-12-18T16:15:52.493+0000] {dag.py:3096} INFO - Sync 1 DAGs
[2025-12-18T16:15:52.519+0000] {logging_mixin.py:188} INFO - [2025-12-18T16:15:52.518+0000] {dag.py:3954} INFO - Setting next_dagrun for aerostream_streaming_pipeline to 2025-12-18 16:15:00+00:00, run_after=2025-12-18 16:16:00+00:00
[2025-12-18T16:15:52.537+0000] {processor.py:183} INFO - Processing /opt/airflow/dags/streaming_tweets_dag.py took 0.126 seconds
[2025-12-18T16:16:22.621+0000] {processor.py:161} INFO - Started process (PID=309) to work on /opt/airflow/dags/streaming_tweets_dag.py
[2025-12-18T16:16:22.623+0000] {processor.py:830} INFO - Processing file /opt/airflow/dags/streaming_tweets_dag.py for tasks to queue
[2025-12-18T16:16:22.624+0000] {logging_mixin.py:188} INFO - [2025-12-18T16:16:22.624+0000] {dagbag.py:540} INFO - Filling up the DagBag from /opt/airflow/dags/streaming_tweets_dag.py
[2025-12-18T16:16:22.640+0000] {processor.py:840} INFO - DAG(s) 'aerostream_streaming_pipeline' retrieved from /opt/airflow/dags/streaming_tweets_dag.py
[2025-12-18T16:16:22.669+0000] {logging_mixin.py:188} INFO - [2025-12-18T16:16:22.669+0000] {dag.py:3096} INFO - Sync 1 DAGs
[2025-12-18T16:16:22.689+0000] {logging_mixin.py:188} INFO - [2025-12-18T16:16:22.689+0000] {dag.py:3954} INFO - Setting next_dagrun for aerostream_streaming_pipeline to 2025-12-18 16:16:00+00:00, run_after=2025-12-18 16:17:00+00:00
[2025-12-18T16:16:22.703+0000] {processor.py:183} INFO - Processing /opt/airflow/dags/streaming_tweets_dag.py took 0.086 seconds
[2025-12-18T16:16:52.857+0000] {processor.py:161} INFO - Started process (PID=318) to work on /opt/airflow/dags/streaming_tweets_dag.py
[2025-12-18T16:16:52.858+0000] {processor.py:830} INFO - Processing file /opt/airflow/dags/streaming_tweets_dag.py for tasks to queue
[2025-12-18T16:16:52.859+0000] {logging_mixin.py:188} INFO - [2025-12-18T16:16:52.859+0000] {dagbag.py:540} INFO - Filling up the DagBag from /opt/airflow/dags/streaming_tweets_dag.py
[2025-12-18T16:16:52.880+0000] {processor.py:840} INFO - DAG(s) 'aerostream_streaming_pipeline' retrieved from /opt/airflow/dags/streaming_tweets_dag.py
[2025-12-18T16:16:52.903+0000] {logging_mixin.py:188} INFO - [2025-12-18T16:16:52.902+0000] {dag.py:3096} INFO - Sync 1 DAGs
[2025-12-18T16:16:52.924+0000] {logging_mixin.py:188} INFO - [2025-12-18T16:16:52.924+0000] {dag.py:3954} INFO - Setting next_dagrun for aerostream_streaming_pipeline to 2025-12-18 16:16:00+00:00, run_after=2025-12-18 16:17:00+00:00
[2025-12-18T16:16:52.943+0000] {processor.py:183} INFO - Processing /opt/airflow/dags/streaming_tweets_dag.py took 0.093 seconds
[2025-12-18T16:17:06.062+0000] {processor.py:161} INFO - Started process (PID=329) to work on /opt/airflow/dags/streaming_tweets_dag.py
[2025-12-18T16:17:06.064+0000] {processor.py:830} INFO - Processing file /opt/airflow/dags/streaming_tweets_dag.py for tasks to queue
[2025-12-18T16:17:06.066+0000] {logging_mixin.py:188} INFO - [2025-12-18T16:17:06.066+0000] {dagbag.py:540} INFO - Filling up the DagBag from /opt/airflow/dags/streaming_tweets_dag.py
[2025-12-18T16:17:06.099+0000] {processor.py:840} INFO - DAG(s) 'aerostream_streaming_pipeline' retrieved from /opt/airflow/dags/streaming_tweets_dag.py
[2025-12-18T16:17:06.131+0000] {logging_mixin.py:188} INFO - [2025-12-18T16:17:06.131+0000] {dag.py:3096} INFO - Sync 1 DAGs
[2025-12-18T16:17:06.152+0000] {logging_mixin.py:188} INFO - [2025-12-18T16:17:06.151+0000] {dag.py:3954} INFO - Setting next_dagrun for aerostream_streaming_pipeline to 2025-12-18 16:17:00+00:00, run_after=2025-12-18 16:18:00+00:00
[2025-12-18T16:17:06.172+0000] {processor.py:183} INFO - Processing /opt/airflow/dags/streaming_tweets_dag.py took 0.115 seconds
[2025-12-18T16:17:09.135+0000] {processor.py:161} INFO - Started process (PID=334) to work on /opt/airflow/dags/streaming_tweets_dag.py
[2025-12-18T16:17:09.137+0000] {processor.py:830} INFO - Processing file /opt/airflow/dags/streaming_tweets_dag.py for tasks to queue
[2025-12-18T16:17:09.142+0000] {logging_mixin.py:188} INFO - [2025-12-18T16:17:09.141+0000] {dagbag.py:540} INFO - Filling up the DagBag from /opt/airflow/dags/streaming_tweets_dag.py
[2025-12-18T16:17:09.183+0000] {processor.py:840} INFO - DAG(s) 'aerostream_streaming_pipeline' retrieved from /opt/airflow/dags/streaming_tweets_dag.py
[2025-12-18T16:17:09.230+0000] {logging_mixin.py:188} INFO - [2025-12-18T16:17:09.229+0000] {dag.py:3096} INFO - Sync 1 DAGs
[2025-12-18T16:17:09.263+0000] {logging_mixin.py:188} INFO - [2025-12-18T16:17:09.262+0000] {dag.py:3954} INFO - Setting next_dagrun for aerostream_streaming_pipeline to 2025-12-18 16:17:00+00:00, run_after=2025-12-18 16:18:00+00:00
[2025-12-18T16:17:09.297+0000] {processor.py:183} INFO - Processing /opt/airflow/dags/streaming_tweets_dag.py took 0.176 seconds
[2025-12-18T16:17:39.421+0000] {processor.py:161} INFO - Started process (PID=339) to work on /opt/airflow/dags/streaming_tweets_dag.py
[2025-12-18T16:17:39.423+0000] {processor.py:830} INFO - Processing file /opt/airflow/dags/streaming_tweets_dag.py for tasks to queue
[2025-12-18T16:17:39.426+0000] {logging_mixin.py:188} INFO - [2025-12-18T16:17:39.426+0000] {dagbag.py:540} INFO - Filling up the DagBag from /opt/airflow/dags/streaming_tweets_dag.py
[2025-12-18T16:17:39.449+0000] {processor.py:840} INFO - DAG(s) 'aerostream_streaming_pipeline' retrieved from /opt/airflow/dags/streaming_tweets_dag.py
[2025-12-18T16:17:39.471+0000] {logging_mixin.py:188} INFO - [2025-12-18T16:17:39.471+0000] {dag.py:3096} INFO - Sync 1 DAGs
[2025-12-18T16:17:39.492+0000] {logging_mixin.py:188} INFO - [2025-12-18T16:17:39.491+0000] {dag.py:3954} INFO - Setting next_dagrun for aerostream_streaming_pipeline to 2025-12-18 16:17:00+00:00, run_after=2025-12-18 16:18:00+00:00
[2025-12-18T16:17:39.510+0000] {processor.py:183} INFO - Processing /opt/airflow/dags/streaming_tweets_dag.py took 0.094 seconds
[2025-12-18T16:18:09.632+0000] {processor.py:161} INFO - Started process (PID=350) to work on /opt/airflow/dags/streaming_tweets_dag.py
[2025-12-18T16:18:09.633+0000] {processor.py:830} INFO - Processing file /opt/airflow/dags/streaming_tweets_dag.py for tasks to queue
[2025-12-18T16:18:09.635+0000] {logging_mixin.py:188} INFO - [2025-12-18T16:18:09.635+0000] {dagbag.py:540} INFO - Filling up the DagBag from /opt/airflow/dags/streaming_tweets_dag.py
[2025-12-18T16:18:09.653+0000] {processor.py:840} INFO - DAG(s) 'aerostream_streaming_pipeline' retrieved from /opt/airflow/dags/streaming_tweets_dag.py
[2025-12-18T16:18:09.673+0000] {logging_mixin.py:188} INFO - [2025-12-18T16:18:09.673+0000] {dag.py:3096} INFO - Sync 1 DAGs
[2025-12-18T16:18:09.693+0000] {logging_mixin.py:188} INFO - [2025-12-18T16:18:09.692+0000] {dag.py:3954} INFO - Setting next_dagrun for aerostream_streaming_pipeline to 2025-12-18 16:18:00+00:00, run_after=2025-12-18 16:19:00+00:00
[2025-12-18T16:18:09.709+0000] {processor.py:183} INFO - Processing /opt/airflow/dags/streaming_tweets_dag.py took 0.082 seconds
[2025-12-18T16:18:39.817+0000] {processor.py:161} INFO - Started process (PID=363) to work on /opt/airflow/dags/streaming_tweets_dag.py
[2025-12-18T16:18:39.818+0000] {processor.py:830} INFO - Processing file /opt/airflow/dags/streaming_tweets_dag.py for tasks to queue
[2025-12-18T16:18:39.820+0000] {logging_mixin.py:188} INFO - [2025-12-18T16:18:39.820+0000] {dagbag.py:540} INFO - Filling up the DagBag from /opt/airflow/dags/streaming_tweets_dag.py
[2025-12-18T16:18:39.838+0000] {processor.py:840} INFO - DAG(s) 'aerostream_streaming_pipeline' retrieved from /opt/airflow/dags/streaming_tweets_dag.py
[2025-12-18T16:18:39.858+0000] {logging_mixin.py:188} INFO - [2025-12-18T16:18:39.858+0000] {dag.py:3096} INFO - Sync 1 DAGs
[2025-12-18T16:18:39.880+0000] {logging_mixin.py:188} INFO - [2025-12-18T16:18:39.880+0000] {dag.py:3954} INFO - Setting next_dagrun for aerostream_streaming_pipeline to 2025-12-18 16:18:00+00:00, run_after=2025-12-18 16:19:00+00:00
[2025-12-18T16:18:39.897+0000] {processor.py:183} INFO - Processing /opt/airflow/dags/streaming_tweets_dag.py took 0.085 seconds
[2025-12-18T16:19:10.025+0000] {processor.py:161} INFO - Started process (PID=376) to work on /opt/airflow/dags/streaming_tweets_dag.py
[2025-12-18T16:19:10.026+0000] {processor.py:830} INFO - Processing file /opt/airflow/dags/streaming_tweets_dag.py for tasks to queue
[2025-12-18T16:19:10.028+0000] {logging_mixin.py:188} INFO - [2025-12-18T16:19:10.027+0000] {dagbag.py:540} INFO - Filling up the DagBag from /opt/airflow/dags/streaming_tweets_dag.py
[2025-12-18T16:19:10.048+0000] {processor.py:840} INFO - DAG(s) 'aerostream_streaming_pipeline' retrieved from /opt/airflow/dags/streaming_tweets_dag.py
[2025-12-18T16:19:10.069+0000] {logging_mixin.py:188} INFO - [2025-12-18T16:19:10.069+0000] {dag.py:3096} INFO - Sync 1 DAGs
[2025-12-18T16:19:10.089+0000] {logging_mixin.py:188} INFO - [2025-12-18T16:19:10.088+0000] {dag.py:3954} INFO - Setting next_dagrun for aerostream_streaming_pipeline to 2025-12-18 16:19:00+00:00, run_after=2025-12-18 16:20:00+00:00
[2025-12-18T16:19:10.108+0000] {processor.py:183} INFO - Processing /opt/airflow/dags/streaming_tweets_dag.py took 0.089 seconds
[2025-12-18T16:19:40.205+0000] {processor.py:161} INFO - Started process (PID=389) to work on /opt/airflow/dags/streaming_tweets_dag.py
[2025-12-18T16:19:40.206+0000] {processor.py:830} INFO - Processing file /opt/airflow/dags/streaming_tweets_dag.py for tasks to queue
[2025-12-18T16:19:40.208+0000] {logging_mixin.py:188} INFO - [2025-12-18T16:19:40.207+0000] {dagbag.py:540} INFO - Filling up the DagBag from /opt/airflow/dags/streaming_tweets_dag.py
[2025-12-18T16:19:40.225+0000] {processor.py:840} INFO - DAG(s) 'aerostream_streaming_pipeline' retrieved from /opt/airflow/dags/streaming_tweets_dag.py
[2025-12-18T16:19:40.246+0000] {logging_mixin.py:188} INFO - [2025-12-18T16:19:40.246+0000] {dag.py:3096} INFO - Sync 1 DAGs
[2025-12-18T16:19:40.267+0000] {logging_mixin.py:188} INFO - [2025-12-18T16:19:40.267+0000] {dag.py:3954} INFO - Setting next_dagrun for aerostream_streaming_pipeline to 2025-12-18 16:19:00+00:00, run_after=2025-12-18 16:20:00+00:00
[2025-12-18T16:19:40.287+0000] {processor.py:183} INFO - Processing /opt/airflow/dags/streaming_tweets_dag.py took 0.087 seconds
[2025-12-18T16:20:10.423+0000] {processor.py:161} INFO - Started process (PID=402) to work on /opt/airflow/dags/streaming_tweets_dag.py
[2025-12-18T16:20:10.424+0000] {processor.py:830} INFO - Processing file /opt/airflow/dags/streaming_tweets_dag.py for tasks to queue
[2025-12-18T16:20:10.426+0000] {logging_mixin.py:188} INFO - [2025-12-18T16:20:10.426+0000] {dagbag.py:540} INFO - Filling up the DagBag from /opt/airflow/dags/streaming_tweets_dag.py
[2025-12-18T16:20:10.449+0000] {processor.py:840} INFO - DAG(s) 'aerostream_streaming_pipeline' retrieved from /opt/airflow/dags/streaming_tweets_dag.py
[2025-12-18T16:20:10.470+0000] {logging_mixin.py:188} INFO - [2025-12-18T16:20:10.470+0000] {dag.py:3096} INFO - Sync 1 DAGs
[2025-12-18T16:20:10.492+0000] {logging_mixin.py:188} INFO - [2025-12-18T16:20:10.492+0000] {dag.py:3954} INFO - Setting next_dagrun for aerostream_streaming_pipeline to 2025-12-18 16:20:00+00:00, run_after=2025-12-18 16:21:00+00:00
[2025-12-18T16:20:10.512+0000] {processor.py:183} INFO - Processing /opt/airflow/dags/streaming_tweets_dag.py took 0.095 seconds
[2025-12-18T16:20:40.599+0000] {processor.py:161} INFO - Started process (PID=413) to work on /opt/airflow/dags/streaming_tweets_dag.py
[2025-12-18T16:20:40.600+0000] {processor.py:830} INFO - Processing file /opt/airflow/dags/streaming_tweets_dag.py for tasks to queue
[2025-12-18T16:20:40.602+0000] {logging_mixin.py:188} INFO - [2025-12-18T16:20:40.601+0000] {dagbag.py:540} INFO - Filling up the DagBag from /opt/airflow/dags/streaming_tweets_dag.py
[2025-12-18T16:20:40.621+0000] {processor.py:840} INFO - DAG(s) 'aerostream_streaming_pipeline' retrieved from /opt/airflow/dags/streaming_tweets_dag.py
[2025-12-18T16:20:40.644+0000] {logging_mixin.py:188} INFO - [2025-12-18T16:20:40.644+0000] {dag.py:3096} INFO - Sync 1 DAGs
[2025-12-18T16:20:40.666+0000] {logging_mixin.py:188} INFO - [2025-12-18T16:20:40.666+0000] {dag.py:3954} INFO - Setting next_dagrun for aerostream_streaming_pipeline to 2025-12-18 16:20:00+00:00, run_after=2025-12-18 16:21:00+00:00
[2025-12-18T16:20:40.686+0000] {processor.py:183} INFO - Processing /opt/airflow/dags/streaming_tweets_dag.py took 0.093 seconds
[2025-12-18T16:21:10.841+0000] {processor.py:161} INFO - Started process (PID=424) to work on /opt/airflow/dags/streaming_tweets_dag.py
[2025-12-18T16:21:10.842+0000] {processor.py:830} INFO - Processing file /opt/airflow/dags/streaming_tweets_dag.py for tasks to queue
[2025-12-18T16:21:10.844+0000] {logging_mixin.py:188} INFO - [2025-12-18T16:21:10.844+0000] {dagbag.py:540} INFO - Filling up the DagBag from /opt/airflow/dags/streaming_tweets_dag.py
[2025-12-18T16:21:10.865+0000] {processor.py:840} INFO - DAG(s) 'aerostream_streaming_pipeline' retrieved from /opt/airflow/dags/streaming_tweets_dag.py
[2025-12-18T16:21:10.892+0000] {logging_mixin.py:188} INFO - [2025-12-18T16:21:10.891+0000] {dag.py:3096} INFO - Sync 1 DAGs
[2025-12-18T16:21:10.921+0000] {logging_mixin.py:188} INFO - [2025-12-18T16:21:10.920+0000] {dag.py:3954} INFO - Setting next_dagrun for aerostream_streaming_pipeline to 2025-12-18 16:21:00+00:00, run_after=2025-12-18 16:22:00+00:00
[2025-12-18T16:21:10.956+0000] {processor.py:183} INFO - Processing /opt/airflow/dags/streaming_tweets_dag.py took 0.120 seconds
[2025-12-18T16:21:41.020+0000] {processor.py:161} INFO - Started process (PID=433) to work on /opt/airflow/dags/streaming_tweets_dag.py
[2025-12-18T16:21:41.021+0000] {processor.py:830} INFO - Processing file /opt/airflow/dags/streaming_tweets_dag.py for tasks to queue
[2025-12-18T16:21:41.025+0000] {logging_mixin.py:188} INFO - [2025-12-18T16:21:41.024+0000] {dagbag.py:540} INFO - Filling up the DagBag from /opt/airflow/dags/streaming_tweets_dag.py
[2025-12-18T16:21:41.050+0000] {processor.py:840} INFO - DAG(s) 'aerostream_streaming_pipeline' retrieved from /opt/airflow/dags/streaming_tweets_dag.py
[2025-12-18T16:21:41.080+0000] {logging_mixin.py:188} INFO - [2025-12-18T16:21:41.080+0000] {dag.py:3096} INFO - Sync 1 DAGs
[2025-12-18T16:21:41.111+0000] {logging_mixin.py:188} INFO - [2025-12-18T16:21:41.110+0000] {dag.py:3954} INFO - Setting next_dagrun for aerostream_streaming_pipeline to 2025-12-18 16:21:00+00:00, run_after=2025-12-18 16:22:00+00:00
[2025-12-18T16:21:41.143+0000] {processor.py:183} INFO - Processing /opt/airflow/dags/streaming_tweets_dag.py took 0.129 seconds
[2025-12-18T16:22:11.293+0000] {processor.py:161} INFO - Started process (PID=444) to work on /opt/airflow/dags/streaming_tweets_dag.py
[2025-12-18T16:22:11.294+0000] {processor.py:830} INFO - Processing file /opt/airflow/dags/streaming_tweets_dag.py for tasks to queue
[2025-12-18T16:22:11.296+0000] {logging_mixin.py:188} INFO - [2025-12-18T16:22:11.296+0000] {dagbag.py:540} INFO - Filling up the DagBag from /opt/airflow/dags/streaming_tweets_dag.py
[2025-12-18T16:22:11.314+0000] {processor.py:840} INFO - DAG(s) 'aerostream_streaming_pipeline' retrieved from /opt/airflow/dags/streaming_tweets_dag.py
[2025-12-18T16:22:11.334+0000] {logging_mixin.py:188} INFO - [2025-12-18T16:22:11.333+0000] {dag.py:3096} INFO - Sync 1 DAGs
[2025-12-18T16:22:11.354+0000] {logging_mixin.py:188} INFO - [2025-12-18T16:22:11.353+0000] {dag.py:3954} INFO - Setting next_dagrun for aerostream_streaming_pipeline to 2025-12-18 16:22:00+00:00, run_after=2025-12-18 16:23:00+00:00
[2025-12-18T16:22:11.373+0000] {processor.py:183} INFO - Processing /opt/airflow/dags/streaming_tweets_dag.py took 0.084 seconds
[2025-12-18T16:22:41.494+0000] {processor.py:161} INFO - Started process (PID=453) to work on /opt/airflow/dags/streaming_tweets_dag.py
[2025-12-18T16:22:41.495+0000] {processor.py:830} INFO - Processing file /opt/airflow/dags/streaming_tweets_dag.py for tasks to queue
[2025-12-18T16:22:41.497+0000] {logging_mixin.py:188} INFO - [2025-12-18T16:22:41.497+0000] {dagbag.py:540} INFO - Filling up the DagBag from /opt/airflow/dags/streaming_tweets_dag.py
[2025-12-18T16:22:41.521+0000] {processor.py:840} INFO - DAG(s) 'aerostream_streaming_pipeline' retrieved from /opt/airflow/dags/streaming_tweets_dag.py
[2025-12-18T16:22:41.543+0000] {logging_mixin.py:188} INFO - [2025-12-18T16:22:41.543+0000] {dag.py:3096} INFO - Sync 1 DAGs
[2025-12-18T16:22:41.567+0000] {logging_mixin.py:188} INFO - [2025-12-18T16:22:41.567+0000] {dag.py:3954} INFO - Setting next_dagrun for aerostream_streaming_pipeline to 2025-12-18 16:22:00+00:00, run_after=2025-12-18 16:23:00+00:00
[2025-12-18T16:22:41.583+0000] {processor.py:183} INFO - Processing /opt/airflow/dags/streaming_tweets_dag.py took 0.095 seconds
[2025-12-18T16:23:11.721+0000] {processor.py:161} INFO - Started process (PID=464) to work on /opt/airflow/dags/streaming_tweets_dag.py
[2025-12-18T16:23:11.722+0000] {processor.py:830} INFO - Processing file /opt/airflow/dags/streaming_tweets_dag.py for tasks to queue
[2025-12-18T16:23:11.725+0000] {logging_mixin.py:188} INFO - [2025-12-18T16:23:11.725+0000] {dagbag.py:540} INFO - Filling up the DagBag from /opt/airflow/dags/streaming_tweets_dag.py
[2025-12-18T16:23:11.753+0000] {processor.py:840} INFO - DAG(s) 'aerostream_streaming_pipeline' retrieved from /opt/airflow/dags/streaming_tweets_dag.py
[2025-12-18T16:23:11.786+0000] {logging_mixin.py:188} INFO - [2025-12-18T16:23:11.786+0000] {dag.py:3096} INFO - Sync 1 DAGs
[2025-12-18T16:23:11.811+0000] {logging_mixin.py:188} INFO - [2025-12-18T16:23:11.811+0000] {dag.py:3954} INFO - Setting next_dagrun for aerostream_streaming_pipeline to 2025-12-18 16:23:00+00:00, run_after=2025-12-18 16:24:00+00:00
[2025-12-18T16:23:11.834+0000] {processor.py:183} INFO - Processing /opt/airflow/dags/streaming_tweets_dag.py took 0.122 seconds
[2025-12-18T16:23:41.912+0000] {processor.py:161} INFO - Started process (PID=473) to work on /opt/airflow/dags/streaming_tweets_dag.py
[2025-12-18T16:23:41.913+0000] {processor.py:830} INFO - Processing file /opt/airflow/dags/streaming_tweets_dag.py for tasks to queue
[2025-12-18T16:23:41.915+0000] {logging_mixin.py:188} INFO - [2025-12-18T16:23:41.914+0000] {dagbag.py:540} INFO - Filling up the DagBag from /opt/airflow/dags/streaming_tweets_dag.py
[2025-12-18T16:23:41.932+0000] {processor.py:840} INFO - DAG(s) 'aerostream_streaming_pipeline' retrieved from /opt/airflow/dags/streaming_tweets_dag.py
[2025-12-18T16:23:41.953+0000] {logging_mixin.py:188} INFO - [2025-12-18T16:23:41.952+0000] {dag.py:3096} INFO - Sync 1 DAGs
[2025-12-18T16:23:41.973+0000] {logging_mixin.py:188} INFO - [2025-12-18T16:23:41.972+0000] {dag.py:3954} INFO - Setting next_dagrun for aerostream_streaming_pipeline to 2025-12-18 16:23:00+00:00, run_after=2025-12-18 16:24:00+00:00
[2025-12-18T16:23:41.991+0000] {processor.py:183} INFO - Processing /opt/airflow/dags/streaming_tweets_dag.py took 0.083 seconds
[2025-12-18T16:24:12.155+0000] {processor.py:161} INFO - Started process (PID=484) to work on /opt/airflow/dags/streaming_tweets_dag.py
[2025-12-18T16:24:12.156+0000] {processor.py:830} INFO - Processing file /opt/airflow/dags/streaming_tweets_dag.py for tasks to queue
[2025-12-18T16:24:12.158+0000] {logging_mixin.py:188} INFO - [2025-12-18T16:24:12.158+0000] {dagbag.py:540} INFO - Filling up the DagBag from /opt/airflow/dags/streaming_tweets_dag.py
[2025-12-18T16:24:12.179+0000] {processor.py:840} INFO - DAG(s) 'aerostream_streaming_pipeline' retrieved from /opt/airflow/dags/streaming_tweets_dag.py
[2025-12-18T16:24:12.204+0000] {logging_mixin.py:188} INFO - [2025-12-18T16:24:12.204+0000] {dag.py:3096} INFO - Sync 1 DAGs
[2025-12-18T16:24:12.225+0000] {logging_mixin.py:188} INFO - [2025-12-18T16:24:12.225+0000] {dag.py:3954} INFO - Setting next_dagrun for aerostream_streaming_pipeline to 2025-12-18 16:24:00+00:00, run_after=2025-12-18 16:25:00+00:00
[2025-12-18T16:24:12.244+0000] {processor.py:183} INFO - Processing /opt/airflow/dags/streaming_tweets_dag.py took 0.095 seconds
[2025-12-18T16:24:42.333+0000] {processor.py:161} INFO - Started process (PID=493) to work on /opt/airflow/dags/streaming_tweets_dag.py
[2025-12-18T16:24:42.334+0000] {processor.py:830} INFO - Processing file /opt/airflow/dags/streaming_tweets_dag.py for tasks to queue
[2025-12-18T16:24:42.336+0000] {logging_mixin.py:188} INFO - [2025-12-18T16:24:42.336+0000] {dagbag.py:540} INFO - Filling up the DagBag from /opt/airflow/dags/streaming_tweets_dag.py
[2025-12-18T16:24:42.358+0000] {processor.py:840} INFO - DAG(s) 'aerostream_streaming_pipeline' retrieved from /opt/airflow/dags/streaming_tweets_dag.py
[2025-12-18T16:24:42.382+0000] {logging_mixin.py:188} INFO - [2025-12-18T16:24:42.381+0000] {dag.py:3096} INFO - Sync 1 DAGs
[2025-12-18T16:24:42.402+0000] {logging_mixin.py:188} INFO - [2025-12-18T16:24:42.401+0000] {dag.py:3954} INFO - Setting next_dagrun for aerostream_streaming_pipeline to 2025-12-18 16:24:00+00:00, run_after=2025-12-18 16:25:00+00:00
[2025-12-18T16:24:42.423+0000] {processor.py:183} INFO - Processing /opt/airflow/dags/streaming_tweets_dag.py took 0.096 seconds
[2025-12-18T16:25:12.571+0000] {processor.py:161} INFO - Started process (PID=498) to work on /opt/airflow/dags/streaming_tweets_dag.py
[2025-12-18T16:25:12.572+0000] {processor.py:830} INFO - Processing file /opt/airflow/dags/streaming_tweets_dag.py for tasks to queue
[2025-12-18T16:25:12.574+0000] {logging_mixin.py:188} INFO - [2025-12-18T16:25:12.573+0000] {dagbag.py:540} INFO - Filling up the DagBag from /opt/airflow/dags/streaming_tweets_dag.py
[2025-12-18T16:25:12.595+0000] {processor.py:840} INFO - DAG(s) 'aerostream_streaming_pipeline' retrieved from /opt/airflow/dags/streaming_tweets_dag.py
[2025-12-18T16:25:12.618+0000] {logging_mixin.py:188} INFO - [2025-12-18T16:25:12.617+0000] {dag.py:3096} INFO - Sync 1 DAGs
[2025-12-18T16:25:12.640+0000] {logging_mixin.py:188} INFO - [2025-12-18T16:25:12.640+0000] {dag.py:3954} INFO - Setting next_dagrun for aerostream_streaming_pipeline to 2025-12-18 16:24:00+00:00, run_after=2025-12-18 16:25:00+00:00
[2025-12-18T16:25:12.657+0000] {processor.py:183} INFO - Processing /opt/airflow/dags/streaming_tweets_dag.py took 0.091 seconds
[2025-12-18T16:25:42.739+0000] {processor.py:161} INFO - Started process (PID=503) to work on /opt/airflow/dags/streaming_tweets_dag.py
[2025-12-18T16:25:42.741+0000] {processor.py:830} INFO - Processing file /opt/airflow/dags/streaming_tweets_dag.py for tasks to queue
[2025-12-18T16:25:42.743+0000] {logging_mixin.py:188} INFO - [2025-12-18T16:25:42.742+0000] {dagbag.py:540} INFO - Filling up the DagBag from /opt/airflow/dags/streaming_tweets_dag.py
[2025-12-18T16:25:42.760+0000] {processor.py:840} INFO - DAG(s) 'aerostream_streaming_pipeline' retrieved from /opt/airflow/dags/streaming_tweets_dag.py
[2025-12-18T16:25:42.781+0000] {logging_mixin.py:188} INFO - [2025-12-18T16:25:42.780+0000] {dag.py:3096} INFO - Sync 1 DAGs
[2025-12-18T16:25:42.799+0000] {logging_mixin.py:188} INFO - [2025-12-18T16:25:42.799+0000] {dag.py:3954} INFO - Setting next_dagrun for aerostream_streaming_pipeline to 2025-12-18 16:24:00+00:00, run_after=2025-12-18 16:25:00+00:00
[2025-12-18T16:25:42.817+0000] {processor.py:183} INFO - Processing /opt/airflow/dags/streaming_tweets_dag.py took 0.083 seconds
[2025-12-18T16:26:12.993+0000] {processor.py:161} INFO - Started process (PID=508) to work on /opt/airflow/dags/streaming_tweets_dag.py
[2025-12-18T16:26:12.995+0000] {processor.py:830} INFO - Processing file /opt/airflow/dags/streaming_tweets_dag.py for tasks to queue
[2025-12-18T16:26:12.997+0000] {logging_mixin.py:188} INFO - [2025-12-18T16:26:12.997+0000] {dagbag.py:540} INFO - Filling up the DagBag from /opt/airflow/dags/streaming_tweets_dag.py
[2025-12-18T16:26:13.027+0000] {processor.py:840} INFO - DAG(s) 'aerostream_streaming_pipeline' retrieved from /opt/airflow/dags/streaming_tweets_dag.py
[2025-12-18T16:26:13.063+0000] {logging_mixin.py:188} INFO - [2025-12-18T16:26:13.062+0000] {dag.py:3096} INFO - Sync 1 DAGs
[2025-12-18T16:26:13.088+0000] {logging_mixin.py:188} INFO - [2025-12-18T16:26:13.088+0000] {dag.py:3954} INFO - Setting next_dagrun for aerostream_streaming_pipeline to 2025-12-18 16:25:00+00:00, run_after=2025-12-18 16:26:00+00:00
[2025-12-18T16:26:13.110+0000] {processor.py:183} INFO - Processing /opt/airflow/dags/streaming_tweets_dag.py took 0.125 seconds
[2025-12-18T16:26:43.165+0000] {processor.py:161} INFO - Started process (PID=513) to work on /opt/airflow/dags/streaming_tweets_dag.py
[2025-12-18T16:26:43.166+0000] {processor.py:830} INFO - Processing file /opt/airflow/dags/streaming_tweets_dag.py for tasks to queue
[2025-12-18T16:26:43.168+0000] {logging_mixin.py:188} INFO - [2025-12-18T16:26:43.167+0000] {dagbag.py:540} INFO - Filling up the DagBag from /opt/airflow/dags/streaming_tweets_dag.py
[2025-12-18T16:26:43.188+0000] {processor.py:840} INFO - DAG(s) 'aerostream_streaming_pipeline' retrieved from /opt/airflow/dags/streaming_tweets_dag.py
[2025-12-18T16:26:43.212+0000] {logging_mixin.py:188} INFO - [2025-12-18T16:26:43.212+0000] {dag.py:3096} INFO - Sync 1 DAGs
[2025-12-18T16:26:43.233+0000] {logging_mixin.py:188} INFO - [2025-12-18T16:26:43.232+0000] {dag.py:3954} INFO - Setting next_dagrun for aerostream_streaming_pipeline to 2025-12-18 16:25:00+00:00, run_after=2025-12-18 16:26:00+00:00
[2025-12-18T16:26:43.251+0000] {processor.py:183} INFO - Processing /opt/airflow/dags/streaming_tweets_dag.py took 0.092 seconds
[2025-12-18T16:27:13.437+0000] {processor.py:161} INFO - Started process (PID=518) to work on /opt/airflow/dags/streaming_tweets_dag.py
[2025-12-18T16:27:13.438+0000] {processor.py:830} INFO - Processing file /opt/airflow/dags/streaming_tweets_dag.py for tasks to queue
[2025-12-18T16:27:13.440+0000] {logging_mixin.py:188} INFO - [2025-12-18T16:27:13.440+0000] {dagbag.py:540} INFO - Filling up the DagBag from /opt/airflow/dags/streaming_tweets_dag.py
[2025-12-18T16:27:13.458+0000] {processor.py:840} INFO - DAG(s) 'aerostream_streaming_pipeline' retrieved from /opt/airflow/dags/streaming_tweets_dag.py
[2025-12-18T16:27:13.480+0000] {logging_mixin.py:188} INFO - [2025-12-18T16:27:13.480+0000] {dag.py:3096} INFO - Sync 1 DAGs
[2025-12-18T16:27:13.502+0000] {logging_mixin.py:188} INFO - [2025-12-18T16:27:13.501+0000] {dag.py:3954} INFO - Setting next_dagrun for aerostream_streaming_pipeline to 2025-12-18 16:26:00+00:00, run_after=2025-12-18 16:27:00+00:00
[2025-12-18T16:27:13.522+0000] {processor.py:183} INFO - Processing /opt/airflow/dags/streaming_tweets_dag.py took 0.090 seconds
[2025-12-18T16:27:43.674+0000] {processor.py:161} INFO - Started process (PID=523) to work on /opt/airflow/dags/streaming_tweets_dag.py
[2025-12-18T16:27:43.675+0000] {processor.py:830} INFO - Processing file /opt/airflow/dags/streaming_tweets_dag.py for tasks to queue
[2025-12-18T16:27:43.677+0000] {logging_mixin.py:188} INFO - [2025-12-18T16:27:43.677+0000] {dagbag.py:540} INFO - Filling up the DagBag from /opt/airflow/dags/streaming_tweets_dag.py
[2025-12-18T16:27:43.699+0000] {processor.py:840} INFO - DAG(s) 'aerostream_streaming_pipeline' retrieved from /opt/airflow/dags/streaming_tweets_dag.py
[2025-12-18T16:27:43.722+0000] {logging_mixin.py:188} INFO - [2025-12-18T16:27:43.722+0000] {dag.py:3096} INFO - Sync 1 DAGs
[2025-12-18T16:27:43.745+0000] {logging_mixin.py:188} INFO - [2025-12-18T16:27:43.745+0000] {dag.py:3954} INFO - Setting next_dagrun for aerostream_streaming_pipeline to 2025-12-18 16:26:00+00:00, run_after=2025-12-18 16:27:00+00:00
[2025-12-18T16:27:43.762+0000] {processor.py:183} INFO - Processing /opt/airflow/dags/streaming_tweets_dag.py took 0.093 seconds
[2025-12-18T16:28:13.859+0000] {processor.py:161} INFO - Started process (PID=528) to work on /opt/airflow/dags/streaming_tweets_dag.py
[2025-12-18T16:28:13.860+0000] {processor.py:830} INFO - Processing file /opt/airflow/dags/streaming_tweets_dag.py for tasks to queue
[2025-12-18T16:28:13.861+0000] {logging_mixin.py:188} INFO - [2025-12-18T16:28:13.861+0000] {dagbag.py:540} INFO - Filling up the DagBag from /opt/airflow/dags/streaming_tweets_dag.py
[2025-12-18T16:28:13.882+0000] {processor.py:840} INFO - DAG(s) 'aerostream_streaming_pipeline' retrieved from /opt/airflow/dags/streaming_tweets_dag.py
[2025-12-18T16:28:13.907+0000] {logging_mixin.py:188} INFO - [2025-12-18T16:28:13.906+0000] {dag.py:3096} INFO - Sync 1 DAGs
[2025-12-18T16:28:13.927+0000] {logging_mixin.py:188} INFO - [2025-12-18T16:28:13.927+0000] {dag.py:3954} INFO - Setting next_dagrun for aerostream_streaming_pipeline to 2025-12-18 16:27:00+00:00, run_after=2025-12-18 16:28:00+00:00
[2025-12-18T16:28:13.951+0000] {processor.py:183} INFO - Processing /opt/airflow/dags/streaming_tweets_dag.py took 0.098 seconds
[2025-12-18T16:28:44.078+0000] {processor.py:161} INFO - Started process (PID=533) to work on /opt/airflow/dags/streaming_tweets_dag.py
[2025-12-18T16:28:44.079+0000] {processor.py:830} INFO - Processing file /opt/airflow/dags/streaming_tweets_dag.py for tasks to queue
[2025-12-18T16:28:44.081+0000] {logging_mixin.py:188} INFO - [2025-12-18T16:28:44.081+0000] {dagbag.py:540} INFO - Filling up the DagBag from /opt/airflow/dags/streaming_tweets_dag.py
[2025-12-18T16:28:44.098+0000] {processor.py:840} INFO - DAG(s) 'aerostream_streaming_pipeline' retrieved from /opt/airflow/dags/streaming_tweets_dag.py
[2025-12-18T16:28:44.123+0000] {logging_mixin.py:188} INFO - [2025-12-18T16:28:44.122+0000] {dag.py:3096} INFO - Sync 1 DAGs
[2025-12-18T16:28:44.144+0000] {logging_mixin.py:188} INFO - [2025-12-18T16:28:44.144+0000] {dag.py:3954} INFO - Setting next_dagrun for aerostream_streaming_pipeline to 2025-12-18 16:27:00+00:00, run_after=2025-12-18 16:28:00+00:00
[2025-12-18T16:28:44.164+0000] {processor.py:183} INFO - Processing /opt/airflow/dags/streaming_tweets_dag.py took 0.092 seconds
[2025-12-18T16:29:14.282+0000] {processor.py:161} INFO - Started process (PID=538) to work on /opt/airflow/dags/streaming_tweets_dag.py
[2025-12-18T16:29:14.284+0000] {processor.py:830} INFO - Processing file /opt/airflow/dags/streaming_tweets_dag.py for tasks to queue
[2025-12-18T16:29:14.286+0000] {logging_mixin.py:188} INFO - [2025-12-18T16:29:14.285+0000] {dagbag.py:540} INFO - Filling up the DagBag from /opt/airflow/dags/streaming_tweets_dag.py
[2025-12-18T16:29:14.315+0000] {processor.py:840} INFO - DAG(s) 'aerostream_streaming_pipeline' retrieved from /opt/airflow/dags/streaming_tweets_dag.py
[2025-12-18T16:29:14.346+0000] {logging_mixin.py:188} INFO - [2025-12-18T16:29:14.346+0000] {dag.py:3096} INFO - Sync 1 DAGs
[2025-12-18T16:29:14.374+0000] {logging_mixin.py:188} INFO - [2025-12-18T16:29:14.373+0000] {dag.py:3954} INFO - Setting next_dagrun for aerostream_streaming_pipeline to 2025-12-18 16:28:00+00:00, run_after=2025-12-18 16:29:00+00:00
[2025-12-18T16:29:14.392+0000] {processor.py:183} INFO - Processing /opt/airflow/dags/streaming_tweets_dag.py took 0.125 seconds
[2025-12-18T16:29:44.489+0000] {processor.py:161} INFO - Started process (PID=543) to work on /opt/airflow/dags/streaming_tweets_dag.py
[2025-12-18T16:29:44.490+0000] {processor.py:830} INFO - Processing file /opt/airflow/dags/streaming_tweets_dag.py for tasks to queue
[2025-12-18T16:29:44.492+0000] {logging_mixin.py:188} INFO - [2025-12-18T16:29:44.492+0000] {dagbag.py:540} INFO - Filling up the DagBag from /opt/airflow/dags/streaming_tweets_dag.py
[2025-12-18T16:29:44.513+0000] {processor.py:840} INFO - DAG(s) 'aerostream_streaming_pipeline' retrieved from /opt/airflow/dags/streaming_tweets_dag.py
[2025-12-18T16:29:44.537+0000] {logging_mixin.py:188} INFO - [2025-12-18T16:29:44.536+0000] {dag.py:3096} INFO - Sync 1 DAGs
[2025-12-18T16:29:44.559+0000] {logging_mixin.py:188} INFO - [2025-12-18T16:29:44.559+0000] {dag.py:3954} INFO - Setting next_dagrun for aerostream_streaming_pipeline to 2025-12-18 16:28:00+00:00, run_after=2025-12-18 16:29:00+00:00
[2025-12-18T16:29:44.578+0000] {processor.py:183} INFO - Processing /opt/airflow/dags/streaming_tweets_dag.py took 0.095 seconds
[2025-12-18T16:30:14.717+0000] {processor.py:161} INFO - Started process (PID=548) to work on /opt/airflow/dags/streaming_tweets_dag.py
[2025-12-18T16:30:14.718+0000] {processor.py:830} INFO - Processing file /opt/airflow/dags/streaming_tweets_dag.py for tasks to queue
[2025-12-18T16:30:14.720+0000] {logging_mixin.py:188} INFO - [2025-12-18T16:30:14.720+0000] {dagbag.py:540} INFO - Filling up the DagBag from /opt/airflow/dags/streaming_tweets_dag.py
[2025-12-18T16:30:14.742+0000] {processor.py:840} INFO - DAG(s) 'aerostream_streaming_pipeline' retrieved from /opt/airflow/dags/streaming_tweets_dag.py
[2025-12-18T16:30:14.766+0000] {logging_mixin.py:188} INFO - [2025-12-18T16:30:14.765+0000] {dag.py:3096} INFO - Sync 1 DAGs
[2025-12-18T16:30:14.790+0000] {logging_mixin.py:188} INFO - [2025-12-18T16:30:14.790+0000] {dag.py:3954} INFO - Setting next_dagrun for aerostream_streaming_pipeline to 2025-12-18 16:29:00+00:00, run_after=2025-12-18 16:30:00+00:00
[2025-12-18T16:30:14.812+0000] {processor.py:183} INFO - Processing /opt/airflow/dags/streaming_tweets_dag.py took 0.102 seconds
[2025-12-18T16:30:44.890+0000] {processor.py:161} INFO - Started process (PID=553) to work on /opt/airflow/dags/streaming_tweets_dag.py
[2025-12-18T16:30:44.891+0000] {processor.py:830} INFO - Processing file /opt/airflow/dags/streaming_tweets_dag.py for tasks to queue
[2025-12-18T16:30:44.894+0000] {logging_mixin.py:188} INFO - [2025-12-18T16:30:44.894+0000] {dagbag.py:540} INFO - Filling up the DagBag from /opt/airflow/dags/streaming_tweets_dag.py
[2025-12-18T16:30:44.918+0000] {processor.py:840} INFO - DAG(s) 'aerostream_streaming_pipeline' retrieved from /opt/airflow/dags/streaming_tweets_dag.py
[2025-12-18T16:30:44.940+0000] {logging_mixin.py:188} INFO - [2025-12-18T16:30:44.940+0000] {dag.py:3096} INFO - Sync 1 DAGs
[2025-12-18T16:30:44.960+0000] {logging_mixin.py:188} INFO - [2025-12-18T16:30:44.959+0000] {dag.py:3954} INFO - Setting next_dagrun for aerostream_streaming_pipeline to 2025-12-18 16:29:00+00:00, run_after=2025-12-18 16:30:00+00:00
[2025-12-18T16:30:44.979+0000] {processor.py:183} INFO - Processing /opt/airflow/dags/streaming_tweets_dag.py took 0.097 seconds
[2025-12-18T16:31:15.143+0000] {processor.py:161} INFO - Started process (PID=558) to work on /opt/airflow/dags/streaming_tweets_dag.py
[2025-12-18T16:31:15.143+0000] {processor.py:830} INFO - Processing file /opt/airflow/dags/streaming_tweets_dag.py for tasks to queue
[2025-12-18T16:31:15.145+0000] {logging_mixin.py:188} INFO - [2025-12-18T16:31:15.145+0000] {dagbag.py:540} INFO - Filling up the DagBag from /opt/airflow/dags/streaming_tweets_dag.py
[2025-12-18T16:31:15.167+0000] {processor.py:840} INFO - DAG(s) 'aerostream_streaming_pipeline' retrieved from /opt/airflow/dags/streaming_tweets_dag.py
[2025-12-18T16:31:15.190+0000] {logging_mixin.py:188} INFO - [2025-12-18T16:31:15.190+0000] {dag.py:3096} INFO - Sync 1 DAGs
[2025-12-18T16:31:15.211+0000] {logging_mixin.py:188} INFO - [2025-12-18T16:31:15.211+0000] {dag.py:3954} INFO - Setting next_dagrun for aerostream_streaming_pipeline to 2025-12-18 16:30:00+00:00, run_after=2025-12-18 16:31:00+00:00
[2025-12-18T16:31:15.230+0000] {processor.py:183} INFO - Processing /opt/airflow/dags/streaming_tweets_dag.py took 0.092 seconds
[2025-12-18T17:01:37.684+0000] {processor.py:161} INFO - Started process (PID=565) to work on /opt/airflow/dags/streaming_tweets_dag.py
[2025-12-19T01:23:34.314+0000] {processor.py:830} INFO - Processing file /opt/airflow/dags/streaming_tweets_dag.py for tasks to queue
[2025-12-19T01:23:34.392+0000] {logging_mixin.py:188} INFO - [2025-12-19T01:23:34.392+0000] {dagbag.py:540} INFO - Filling up the DagBag from /opt/airflow/dags/streaming_tweets_dag.py
[2025-12-19T01:23:34.770+0000] {processor.py:840} INFO - DAG(s) 'aerostream_streaming_pipeline' retrieved from /opt/airflow/dags/streaming_tweets_dag.py
[2025-12-19T01:23:34.802+0000] {logging_mixin.py:188} INFO - [2025-12-19T01:23:34.802+0000] {dag.py:3096} INFO - Sync 1 DAGs
[2025-12-19T01:23:34.829+0000] {logging_mixin.py:188} INFO - [2025-12-19T01:23:34.829+0000] {dag.py:3954} INFO - Setting next_dagrun for aerostream_streaming_pipeline to 2025-12-19 01:22:00+00:00, run_after=2025-12-19 01:23:00+00:00
[2025-12-19T01:23:34.931+0000] {processor.py:183} INFO - Processing /opt/airflow/dags/streaming_tweets_dag.py took 3.709 seconds
