[2025-12-18T16:21:33.919+0000] {local_task_job_runner.py:120} INFO - ::group::Pre task execution logs
[2025-12-18T16:21:33.946+0000] {taskinstance.py:2073} INFO - Dependencies all met for dep_context=non-requeueable deps ti=<TaskInstance: aerostream_streaming_pipeline.fetch_tweets scheduled__2025-12-18T16:19:00+00:00 [queued]>
[2025-12-18T16:21:33.953+0000] {taskinstance.py:2073} INFO - Dependencies all met for dep_context=requeueable deps ti=<TaskInstance: aerostream_streaming_pipeline.fetch_tweets scheduled__2025-12-18T16:19:00+00:00 [queued]>
[2025-12-18T16:21:33.954+0000] {taskinstance.py:2303} INFO - Starting attempt 4 of 5
[2025-12-18T16:21:33.964+0000] {taskinstance.py:2327} INFO - Executing <Task(PythonOperator): fetch_tweets> on 2025-12-18 16:19:00+00:00
[2025-12-18T16:21:33.970+0000] {standard_task_runner.py:63} INFO - Started process 432 to run task
[2025-12-18T16:21:33.973+0000] {standard_task_runner.py:90} INFO - Running: ['***', 'tasks', 'run', 'aerostream_streaming_pipeline', 'fetch_tweets', 'scheduled__2025-12-18T16:19:00+00:00', '--job-id', '53', '--raw', '--subdir', 'DAGS_FOLDER/streaming_tweets_dag.py', '--cfg-path', '/tmp/tmpb8j9yr5c']
[2025-12-18T16:21:33.976+0000] {standard_task_runner.py:91} INFO - Job 53: Subtask fetch_tweets
[2025-12-18T16:21:34.021+0000] {task_command.py:426} INFO - Running <TaskInstance: aerostream_streaming_pipeline.fetch_tweets scheduled__2025-12-18T16:19:00+00:00 [running]> on host f7ba636cca7b
[2025-12-18T16:21:34.091+0000] {taskinstance.py:2644} INFO - Exporting env vars: AIRFLOW_CTX_DAG_OWNER='aerostream' AIRFLOW_CTX_DAG_ID='aerostream_streaming_pipeline' AIRFLOW_CTX_TASK_ID='fetch_tweets' AIRFLOW_CTX_EXECUTION_DATE='2025-12-18T16:19:00+00:00' AIRFLOW_CTX_TRY_NUMBER='4' AIRFLOW_CTX_DAG_RUN_ID='scheduled__2025-12-18T16:19:00+00:00'
[2025-12-18T16:21:34.092+0000] {taskinstance.py:430} INFO - ::endgroup::
[2025-12-18T16:21:34.109+0000] {taskinstance.py:441} INFO - ::group::Post task execution logs
[2025-12-18T16:21:34.110+0000] {taskinstance.py:2890} ERROR - Task failed with exception
Traceback (most recent call last):
  File "/home/airflow/.local/lib/python3.10/site-packages/airflow/models/taskinstance.py", line 465, in _execute_task
    result = _execute_callable(context=context, **execute_callable_kwargs)
  File "/home/airflow/.local/lib/python3.10/site-packages/airflow/models/taskinstance.py", line 432, in _execute_callable
    return execute_callable(context=context, **execute_callable_kwargs)
  File "/home/airflow/.local/lib/python3.10/site-packages/airflow/models/baseoperator.py", line 400, in wrapper
    return func(self, *args, **kwargs)
  File "/home/airflow/.local/lib/python3.10/site-packages/airflow/operators/python.py", line 235, in execute
    return_value = self.execute_callable()
  File "/home/airflow/.local/lib/python3.10/site-packages/airflow/operators/python.py", line 252, in execute_callable
    return self.python_callable(*self.op_args, **self.op_kwargs)
  File "/opt/airflow/dags/streaming_tweets_dag.py", line 31, in fetch_tweets
    response.raise_for_status()
  File "/home/airflow/.local/lib/python3.10/site-packages/requests/models.py", line 1026, in raise_for_status
    raise HTTPError(http_error_msg, response=self)
requests.exceptions.HTTPError: 404 Client Error: Not Found for url: http://api:80/batch?batch_size=20
[2025-12-18T16:21:34.121+0000] {taskinstance.py:1205} INFO - Marking task as UP_FOR_RETRY. dag_id=aerostream_streaming_pipeline, task_id=fetch_tweets, execution_date=20251218T161900, start_date=20251218T162133, end_date=20251218T162134
[2025-12-18T16:21:34.133+0000] {standard_task_runner.py:110} ERROR - Failed to execute job 53 for task fetch_tweets (404 Client Error: Not Found for url: http://api:80/batch?batch_size=20; 432)
[2025-12-18T16:21:34.146+0000] {local_task_job_runner.py:240} INFO - Task exited with return code 1
[2025-12-18T16:21:34.164+0000] {taskinstance.py:3482} INFO - 0 downstream tasks scheduled from follow-on schedule check
[2025-12-18T16:21:34.167+0000] {local_task_job_runner.py:222} INFO - ::endgroup::
